-------------------------------------------------------------------------------
Test set: ir.ac.tick.soft.source.TestClassDemo$Inner
-------------------------------------------------------------------------------
Tests run: 3, Failures: 0, Errors: 1, Skipped: 0, Time elapsed: 0.002 s <<< FAILURE! - in ir.ac.tick.soft.source.TestClassDemo$Inner
ir.ac.tick.soft.source.TestClassDemo.methodName1_blah_blah  Time elapsed: 0 s  <<< ERROR!
org.junit.platform.commons.PreconditionViolationException: Configuration error: You must configure at least one set of arguments for this @ParameterizedTest

