<?xml version="1.0" encoding="UTF-8"?>
<testsuite xmlns:xsi="http://www.w3.org/2001/XMLSchema-instance" xsi:noNamespaceSchemaLocation="https://maven.apache.org/surefire/maven-surefire-plugin/xsd/surefire-test-report-3.0.xsd" version="3.0" name="ir.ac.tick.soft.source.AccumulatorTest" time="0.114" tests="11" errors="0" skipped="0" failures="0">
  <properties>
[...]
</properties>
  <testcase name="add_singleNumber_returnSameNumber" classname="ir.ac.tick.soft.source.AccumulatorTest" time="0.022"/>
  <testcase name="add_addingBiggerNumberThanMax_throwException_better" classname="ir.ac.tick.soft.source.AccumulatorTest" time="0.001"/>
  <testcase name="add_addingBiggerNumberThanMax_throwException" classname="ir.ac.tick.soft.source.AccumulatorTest" time="0.001"/>
  <testcase name="add_generalTest_returnCorrectResult" classname="ir.ac.tick.soft.source.AccumulatorTest" time="0.001"/>
  <testcase name="test" classname="ir.ac.tick.soft.source.AccumulatorTest" time="0.001"/>
  <testcase name="add_multipleNumber_returnCorrectResult_better(int, int)[1]" classname="ir.ac.tick.soft.source.AccumulatorTest" time="0.018"/>
  <testcase name="add_multipleNumber_returnCorrectResult_better(int, int)[2]" classname="ir.ac.tick.soft.source.AccumulatorTest" time="0.001"/>
  <testcase name="add_multipleNumber_returnCorrectResult_better(int, int)[3]" classname="ir.ac.tick.soft.source.AccumulatorTest" time="0.001"/>
  <testcase name="add_singleNumber_returnSameNumber_withArrangement" classname="ir.ac.tick.soft.source.AccumulatorTest" time="0"/>
  <testcase name="add_multipleNumber_returnCorrectResult" classname="ir.ac.tick.soft.source.AccumulatorTest" time="0.001"/>
  <testcase name="add_singleNumber_returnSameNumber_withArrangement_better" classname="ir.ac.tick.soft.source.AccumulatorTest" time="0.001"/>
</testsuite>